<?xml version="1.0" encoding="UTF-8"?>
<testng-results ignored="8" total="11" passed="3" failed="0" skipped="0">
  <reporter-output>
  </reporter-output>
  <suite started-at="2022-05-27T12:17:56 IST" name="Loan Department" finished-at="2022-05-27T12:17:56 IST" duration-ms="39">
    <groups>
      <group name="Smoke">
        <method signature="Day3.ploan()[pri:0, instance:test.Day3@5a56cdac]" name="ploan" class="test.Day3"/>
        <method signature="Day4.MobileloginCarLoan()[pri:0, instance:test.Day4@434a63ab]" name="MobileloginCarLoan" class="test.Day4"/>
        <method signature="Day5.LoginAPIHomeLoan()[pri:0, instance:test.Day5@6e0f5f7f]" name="LoginAPIHomeLoan" class="test.Day5"/>
      </group> <!-- Smoke -->
    </groups>
    <test started-at="2022-05-27T12:17:56 IST" name="Regression" finished-at="2022-05-27T12:17:56 IST" duration-ms="39">
      <class name="test.Day3">
        <test-method signature="ploan()[pri:0, instance:test.Day3@5a56cdac]" started-at="2022-05-27T12:17:56 IST" name="ploan" finished-at="2022-05-27T12:17:56 IST" duration-ms="5" status="PASS">
          <reporter-output>
          </reporter-output>
        </test-method> <!-- ploan -->
      </class> <!-- test.Day3 -->
      <class name="test.Day4">
        <test-method signature="MobileloginCarLoan()[pri:0, instance:test.Day4@434a63ab]" started-at="2022-05-27T12:17:56 IST" name="MobileloginCarLoan" finished-at="2022-05-27T12:17:56 IST" duration-ms="1" status="PASS">
          <reporter-output>
          </reporter-output>
        </test-method> <!-- MobileloginCarLoan -->
      </class> <!-- test.Day4 -->
      <class name="test.Day5">
        <test-method signature="LoginAPIHomeLoan()[pri:0, instance:test.Day5@6e0f5f7f]" started-at="2022-05-27T12:17:56 IST" name="LoginAPIHomeLoan" finished-at="2022-05-27T12:17:56 IST" duration-ms="0" status="PASS">
          <reporter-output>
          </reporter-output>
        </test-method> <!-- LoginAPIHomeLoan -->
      </class> <!-- test.Day5 -->
    </test> <!-- Regression -->
  </suite> <!-- Loan Department -->
</testng-results>
