<?xml version="1.0" encoding="UTF-8"?>
<testng-results ignored="0" total="1" passed="1" failed="0" skipped="0">
  <reporter-output>
  </reporter-output>
  <suite started-at="2022-06-20T22:17:23 IST" name="Yahoo App Test Automation suite" finished-at="2022-06-20T22:17:27 IST" duration-ms="4105">
    <groups>
    </groups>
    <test started-at="2022-06-20T22:17:23 IST" name="Yahoo App Test" finished-at="2022-06-20T22:17:27 IST" duration-ms="4105">
      <class name="test.ParameterTest">
        <test-method signature="yahooLoginTest(java.lang.String,java.lang.String)[pri:0, instance:test.ParameterTest@581ac8a8]" started-at="2022-06-20T22:17:23 IST" name="yahooLoginTest" finished-at="2022-06-20T22:17:27 IST" duration-ms="4068" status="PASS">
          <params>
            <param index="0">
              <value>
                <![CDATA[https://login.yahoo.com/]]>
              </value>
            </param>
            <param index="1">
              <value>
                <![CDATA[santosh37]]>
              </value>
            </param>
          </params>
          <reporter-output>
          </reporter-output>
        </test-method> <!-- yahooLoginTest -->
      </class> <!-- test.ParameterTest -->
    </test> <!-- Yahoo App Test -->
  </suite> <!-- Yahoo App Test Automation suite -->
</testng-results>
